#
# A fatal error has been detected by the Java Runtime Environment:
#
#  EXCEPTION_ACCESS_VIOLATION (0xc0000005) at pc=0x00007ffe868b3004, pid=27424, tid=24960
#
# JRE version: Java(TM) SE Runtime Environment (25.0+37) (build 25+37-LTS-3491)
# Java VM: Java HotSpot(TM) 64-Bit Server VM (25+37-LTS-3491, mixed mode, emulated-client, sharing, tiered, compressed oops, compressed class ptrs, g1 gc, windows-amd64)
# Problematic frame:
# C  [libasyncProfiler.dll+0x93004]
#
# No core dump will be written. Minidumps are not enabled by default on client versions of Windows
#
# JFR recording file will be written. Location: C:\Trabajos\2026\Distribuidos\Practica1\hs_err_pid27424.jfr
#
# If you would like to submit a bug report, please visit:
#   https://bugreport.java.com/bugreport/crash.jsp
# The crash happened outside the Java Virtual Machine in native code.
# See problematic frame for where to report the bug.
#

---------------  S U M M A R Y ------------

Command Line: -XX:TieredStopAtLevel=1 -Dspring.profiles.active=dev,prod -Dspring.output.ansi.enabled=always -Dcom.sun.management.jmxremote -Dspring.jmx.enabled=true -Dspring.liveBeansView.mbeanDomain -Dspring.application.admin.enabled=true -Dmanagement.endpoints.jmx.exposure.include=* -javaagent:C:\Users\escip\AppData\Local\Programs\IntelliJ IDEA Ultimate\lib\idea_rt.jar=31446:C:\Users\escip\AppData\Local\Programs\IntelliJ IDEA Ultimate\bin -agentpath:C:\Users\escip\AppData\Local\Temp\idea_libasyncProfiler_dll_temp_folder\libasyncProfiler.dll=start,jfr,event=wall,interval=10ms,jfrsync=profile,cstack=no,file=C:\Users\escip\IdeaSnapshots\TrainFyreApplication_2026_03_19_224244.jfr,dbghelppath=C:\Users\escip\AppData\Local\Temp\idea_dbghelp_dll_temp_folder\dbghelp.dll,log=C:\Users\escip\AppData\Local\Temp\TrainFyreApplication_2026_03_19_224244.jfr.log.txt,logLevel=DEBUG -Dfile.encoding=UTF-8 -Dsun.stdout.encoding=UTF-8 -Dsun.stderr.encoding=UTF-8 codeurjc.ssdd.grupo1.trainfyre.TrainFyreApplication

Host: 13th Gen Intel(R) Core(TM) i7-1360P, 16 cores, 31G,  Windows 11 , 64 bit Build 26100 (10.0.26100.7920)
Time: Thu Mar 19 22:42:45 2026 Hora estándar romance elapsed time: 0.515469 seconds (0d 0h 0m 0s)

---------------  T H R E A D  ---------------

Current thread (0x000001a00b7dee80):  JavaThread "main"             [_thread_in_native, id=24960, stack(0x0000005cfd900000,0x0000005cfda00000) (1024K)]

Stack: [0x0000005cfd900000,0x0000005cfda00000],  sp=0x0000005cfd9fe7f0,  free space=1017k
Native frames: (J=compiled Java code, j=interpreted, Vv=VM code, C=native code)
C  [libasyncProfiler.dll+0x93004]  (no source info available)
C  [libasyncProfiler.dll+0x934db]  (no source info available)
C  [libasyncProfiler.dll+0x92134]  (no source info available)
C  [libasyncProfiler.dll+0x929aa]  (no source info available)
C  [libasyncProfiler.dll+0x8d561]  (no source info available)
C  [libasyncProfiler.dll+0x7ef21]  (no source info available)
C  [libasyncProfiler.dll+0x7dc38]  (no source info available)
C  [libasyncProfiler.dll+0x7db20]  (no source info available)
C  [libasyncProfiler.dll+0x83c3c]  (no source info available)
V  [jvm.dll+0x64ad5e]  (no source info available)
V  [jvm.dll+0x91078d]  (no source info available)
V  [jvm.dll+0x4f9001]  (no source info available)
V  [jvm.dll+0x4fa891]  (no source info available)
C  [jli.dll+0x543e]  (no source info available)
C  [ucrtbase.dll+0x37b0]  (no source info available)
C  [KERNEL32.DLL+0x2e8d7]  (no source info available)
C  [ntdll.dll+0x8c48c]  (no source info available)


siginfo: EXCEPTION_ACCESS_VIOLATION (0xc0000005), reading address 0xffffffffffffffff


Registers:
RAX=0x0000000000000010, RBX=0x0000000000000000, RCX=0xffffffffffffffff, RDX=0x007ffe7812653010
RSP=0x0000005cfd9fe7f0, RBP=0x000001a02a4b7480, RSI=0x0000005cfd9fe960, RDI=0x000001a02a4b7480
R8 =0x0000000000000042, R9 =0x0000000623000570, R10=0x00007ffe783af340, R11=0x0000000000000008
R12=0x0000005cfd9fe960, R13=0x000001a009907950, R14=0x000001a00b7df2c8, R15=0x000001a00b7df2c8
RIP=0x00007ffe868b3004, EFLAGS=0x0000000000010202

XMM[0]=0x0000000000000000 0x0000000000000000
XMM[1]=0x0000000000000000 0x0000000000000000
XMM[2]=0x0000000000000000 0x0000000000000000
XMM[3]=0x0000000000000000 0x0000000000000000
XMM[4]=0x0000000000000000 0x0000000000000000
XMM[5]=0x0000000000000000 0x0000000000000000
XMM[6]=0x0000000000000000 0x0000000000000000
XMM[7]=0x0000000000000000 0x0000000000000000
XMM[8]=0x0000000000000000 0x0000000000000000
XMM[9]=0x0000000000000000 0x0000000000000000
XMM[10]=0x0000000000000000 0x0000000000000000
XMM[11]=0x0000000000000000 0x0000000000000000
XMM[12]=0x0000000000000000 0x0000000000000000
XMM[13]=0x0000000000000000 0x0000000000000000
XMM[14]=0x0000000000000000 0x0000000000000000
XMM[15]=0x0000000000000000 0x0000000000000000
  MXCSR=0x00001fa0


Register to memory mapping:

RAX=0x0000000000000010 is an unknown value
RBX=0x0 is null
RCX=0xffffffffffffffff is an unknown value
RDX=0x007ffe7812653010 is an unknown value
RSP=0x0000005cfd9fe7f0 is pointing into the stack for thread: 0x000001a00b7dee80
RBP=0x000001a02a4b7480 points into unknown readable memory: 0x0000000623000570 | 70 05 00 23 06 00 00 00
RSI=0x0000005cfd9fe960 is pointing into the stack for thread: 0x000001a00b7dee80
RDI=0x000001a02a4b7480 points into unknown readable memory: 0x0000000623000570 | 70 05 00 23 06 00 00 00
R8 =0x0000000000000042 is an unknown value
R9 =0x0000000623000570 is an oop: java.lang.Thread 
{0x0000000623000570} - klass: 'java/lang/Thread' - flags: 

 - ---- fields (total size 14 words):
 - 'threadLocalRandomProbe' 'I' @12  0 (0x00000000)
 - private volatile 'eetop' 'J' @16  1786899197568 (0x000001a00b7dee80)
 - private final 'tid' 'J' @24  3 (0x0000000000000003)
 - 'threadLocalRandomSeed' 'J' @32  0 (0x0000000000000000)
 - injected 'jvmti_thread_state' 'J' @40  1786866162032 (0x000001a00985d970)
 - 'threadLocalRandomSecondarySeed' 'I' @48  0 (0x00000000)
 - injected 'jvmti_VTMS_transition_disable_count' 'I' @52  0 (0x00000000)
 - injected 'jfr_epoch' 'S' @56  0 (0x0000)
 - volatile 'interrupted' 'Z' @58  false (0x00)
 - injected 'jvmti_is_in_VTMS_transition' 'Z' @59  false (0x00)
 - private volatile 'name' 'Ljava/lang/String;' @60  "main"{0x00000006230005e0} (0xc46000bc)
 - private volatile 'contextClassLoader' 'Ljava/lang/ClassLoader;' @64  a 'jdk/internal/loader/ClassLoaders$AppClassLoader'{0x0000000623022eb0} (0xc46045d6)
 - private final 'holder' 'Ljava/lang/Thread$FieldHolder;' @68  a 'java/lang/Thread$FieldHolder'{0x0000000623053b60} (0xc460a76c)
 - private 'threadLocals' 'Ljava/lang/ThreadLocal$ThreadLocalMap;' @72  null (0x00000000)
 - private 'inheritableThreadLocals' 'Ljava/lang/ThreadLocal$ThreadLocalMap;' @76  null (0x00000000)
 - private 'scopedValueBindings' 'Ljava/lang/Object;' @80  a 'java/lang/Class'{0x00000007ffc7f1c0} = 'java/lang/Thread' (0xfff8fe38)
 - final 'interruptLock' 'Ljava/lang/Object;' @84  a 'java/lang/Object'{0x000000062306b7d8} (0xc460d6fb)
 - private volatile 'parkBlocker' 'Ljava/lang/Object;' @88  null (0x00000000)
 - private 'nioBlocker' 'Lsun/nio/ch/Interruptible;' @92  null (0x00000000)
 - private 'cont' 'Ljdk/internal/vm/Continuation;' @96  null (0x00000000)
 - private volatile 'uncaughtExceptionHandler' 'Ljava/lang/Thread$UncaughtExceptionHandler;' @100  null (0x00000000)
 - private 'container' 'Ljdk/internal/vm/ThreadContainer;' @104  null (0x00000000)
 - private volatile 'headStackableScopes' 'Ljdk/internal/vm/StackableScope;' @108  null (0x00000000)
R10=0x00007ffe783af340 jvm.dll
R11=0x0000000000000008 is an unknown value
R12=0x0000005cfd9fe960 is pointing into the stack for thread: 0x000001a00b7dee80
R13=0x000001a009907950 points into unknown readable memory: 0x00007ffe7831fbc0 | c0 fb 31 78 fe 7f 00 00
R14=0x000001a00b7df2c8 points into unknown readable memory: 0x00007ffe78316b50 | 50 6b 31 78 fe 7f 00 00
R15=0x000001a00b7df2c8 points into unknown readable memory: 0x00007ffe78316b50 | 50 6b 31 78 fe 7f 00 00

Top of Stack: (sp=0x0000005cfd9fe7f0)
0x0000005cfd9fe7f0:   0000005cfd9fe960 000001a02a4b7480   `...\....tK*....
0x0000005cfd9fe800:   0000000000000000 000001a00b7df658   ........X.}.....
0x0000005cfd9fe810:   000000000000002f 00007ffe868b34db   /........4......
0x0000005cfd9fe820:   0000000000000000 000001a00b7df2c8   ..........}.....
0x0000005cfd9fe830:   0000005cfd9fe901 0000000000000000   ....\...........
0x0000005cfd9fe840:   000001a02a8a5a80 00007ffe868b2134   .Z.*....4!......
0x0000005cfd9fe850:   0000000000000000 000000000000002f   ......../.......
0x0000005cfd9fe860:   0000000000000000 000000000000002f   ......../.......
0x0000005cfd9fe870:   0000000900000002 000001a02ba420e0   ......... .+....
0x0000005cfd9fe880:   000001a02a8a5a80 000001a02a8a5b3c   .Z.*....<[.*....
0x0000005cfd9fe890:   000001a02a8a5b7c 0000000000000fac   |[.*............
0x0000005cfd9fe8a0:   0000000000000000 0000000000000000   ................
0x0000005cfd9fe8b0:   0000000000000000 00007ffe77b17134   ........4q.w....
0x0000005cfd9fe8c0:   00007ffe86a0ae00 0000000000006b20   ........ k......
0x0000005cfd9fe8d0:   00007ffe86a0ae00 00000000ffffffff   ................
0x0000005cfd9fe8e0:   0000000000000000 00007ffe868b29aa   .........)......
0x0000005cfd9fe8f0:   000001a00b7df2c8 0000000000000000   ..}.............
0x0000005cfd9fe900:   0000005cfd9fe969 000001a009907950   i...\...Py......
0x0000005cfd9fe910:   000001a0000021b4 0000000000000000   .!..............
0x0000005cfd9fe920:   0000000000000000 00007fff3047ca39   ........9.G0....
0x0000005cfd9fe930:   000001a00b7df2c8 00007ffe86a0ae00   ..}.............
0x0000005cfd9fe940:   0000000000000000 00007ffe8694bc53   ........S.......
0x0000005cfd9fe950:   0000000000000000 000001a00b7df2c8   ..........}.....
0x0000005cfd9fe960:   000001a02ba5e7c0 000001a02ba5eda0   ...+.......+....
0x0000005cfd9fe970:   000001a02ba5eda0 00007ffe86a0ae00   ...+............
0x0000005cfd9fe980:   000001a00bc48d68 0000005cfd9feaf8   h...........\...
0x0000005cfd9fe990:   0000005cfd9fec30 0000000000008840   0...\...@.......
0x0000005cfd9fe9a0:   00007ffe869fd080 00007ffe86a0ae50   ........P.......
0x0000005cfd9fe9b0:   0000000000989680 0000000000989680   ................
0x0000005cfd9fe9c0:   0000005cfd9fead0 00007ffe868ad561   ....\...a.......
0x0000005cfd9fe9d0:   00007ffe86a0ae00 00007ffe86a0ae58   ........X.......
0x0000005cfd9fe9e0:   00007ffe00000000 007ed27000000001   ............p.~.

Instructions: (pc=0x00007ffe868b3004)
  0x00007ffe868b2f04:   cc cc cc cc cc cc cc cc cc cc cc cc cc cc cc cc
  0x00007ffe868b2f14:   cc cc cc cc cc cc cc cc cc cc cc cc cc cc cc cc
  0x00007ffe868b2f24:   cc cc cc cc cc cc cc cc cc cc cc cc cc cc cc cc
  0x00007ffe868b2f34:   cc cc cc cc cc cc cc cc cc cc cc cc cc cc cc cc
  0x00007ffe868b2f44:   cc cc cc cc cc cc cc cc cc cc cc cc cc cc cc cc
  0x00007ffe868b2f54:   cc cc cc cc cc cc cc cc cc cc cc cc cc cc cc cc
  0x00007ffe868b2f64:   cc cc cc cc cc cc cc cc cc cc cc cc cc cc cc cc
  0x00007ffe868b2f74:   cc cc cc cc cc cc cc cc cc cc cc cc cc cc cc cc
  0x00007ffe868b2f84:   cc cc cc cc cc cc cc cc cc cc cc cc 40 57 48 83
  0x00007ffe868b2f94:   ec 20 48 8b f9 48 8b 0d 30 80 15 00 48 85 c9 74
  0x00007ffe868b2fa4:   20 48 8b 01 48 8d 54 24 38 41 b8 06 00 01 00 4c
  0x00007ffe868b2fb4:   8b 48 30 41 ff d1 85 c0 75 07 48 8b 4c 24 38 eb
  0x00007ffe868b2fc4:   02 33 c9 4c 8b 05 0a 81 15 00 48 89 5c 24 30 4d
  0x00007ffe868b2fd4:   85 c0 74 4a 48 8b 01 48 8b d7 4c 8b 88 28 03 00
  0x00007ffe868b2fe4:   00 41 ff d1 48 85 c0 74 35 48 63 0d b8 3d 15 00
  0x00007ffe868b2ff4:   48 8b 14 01 48 85 d2 74 15 48 63 05 bc 3d 15 00
=>0x00007ffe868b3004:   8b 04 10 48 8b 5c 24 30 48 83 c4 20 5f c3 b8 ff
  0x00007ffe868b3014:   ff ff ff 48 8b 5c 24 30 48 83 c4 20 5f c3 80 3d
  0x00007ffe868b3024:   bb 7f 15 00 00 bb ff ff ff ff 74 20 4c 8b 0d 51
  0x00007ffe868b3034:   7c 15 00 4c 8d 44 24 38 48 8b 0d 35 7c 15 00 48
  0x00007ffe868b3044:   8b d7 41 ff d1 85 c0 0f 44 5c 24 38 8b c3 48 8b
  0x00007ffe868b3054:   5c 24 30 48 83 c4 20 5f c3 cc cc cc cc cc cc cc
  0x00007ffe868b3064:   cc cc cc cc cc cc cc cc cc cc cc cc cc cc cc cc
  0x00007ffe868b3074:   cc cc cc cc cc cc cc cc cc cc cc cc cc cc cc cc
  0x00007ffe868b3084:   cc cc cc cc cc cc cc cc cc cc cc cc 48 89 54 24
  0x00007ffe868b3094:   10 53 55 56 57 41 56 41 57 48 83 ec 28 48 8b f2
  0x00007ffe868b30a4:   4c 8b f1 48 89 4c 24 78 45 33 ff 44 89 7c 24 68
  0x00007ffe868b30b4:   c7 44 24 60 01 00 00 00 48 8d 4c 24 68 e8 69 3c
  0x00007ffe868b30c4:   f7 ff 8b d8 48 8d 4c 24 60 e8 5d 3c f7 ff 8b e8
  0x00007ffe868b30d4:   49 8b ce e8 33 f3 f6 ff 48 8b f8 90 8b c3 f0 0f
  0x00007ffe868b30e4:   b1 2f 74 04 f3 90 eb f4 4c 89 3e 4c 89 7e 08 4c
  0x00007ffe868b30f4:   89 7e 10 49 8b 6e 08 4d 8b 76 10 49 3b ee 0f 84


Stack slot to memory mapping:

stack at sp + 0 slots: 0x0000005cfd9fe960 is pointing into the stack for thread: 0x000001a00b7dee80
stack at sp + 1 slots: 0x000001a02a4b7480 points into unknown readable memory: 0x0000000623000570 | 70 05 00 23 06 00 00 00
stack at sp + 2 slots: 0x0 is null
stack at sp + 3 slots: 0x000001a00b7df658 points into unknown readable memory: 0x6e616c2e6176616a | 6a 61 76 61 2e 6c 61 6e
stack at sp + 4 slots: 0x000000000000002f is an unknown value
stack at sp + 5 slots: 0x00007ffe868b34db libasyncProfiler.dll
stack at sp + 6 slots: 0x0 is null
stack at sp + 7 slots: 0x000001a00b7df2c8 points into unknown readable memory: 0x00007ffe78316b50 | 50 6b 31 78 fe 7f 00 00

Lock stack of current Java thread (top to bottom):


---------------  P R O C E S S  ---------------

Threads class SMR info:
_java_thread_list=0x000001a02ba2ad30, length=23, elements={
0x000001a00b7dee80, 0x000001a00b958800, 0x000001a00b959110, 0x000001a0256fe5b0,
0x000001a0257007b0, 0x000001a02570d390, 0x000001a0257300a0, 0x000001a0257329a0,
0x000001a0257b90f0, 0x000001a025879b00, 0x000001a0258d6820, 0x000001a02a2bb340,
0x000001a02a2c76a0, 0x000001a02a2c89a0, 0x000001a02a2ca710, 0x000001a02a2cb950,
0x000001a02a2cc3e0, 0x000001a02a2d0c10, 0x000001a02a2d3840, 0x000001a02a2d8480,
0x000001a02a4785a0, 0x000001a02b8500d0, 0x000001a02ba35d00
}

Java Threads: ( => current thread )
=>0x000001a00b7dee80 JavaThread "main"                              [_thread_in_native, id=24960, stack(0x0000005cfd900000,0x0000005cfda00000) (1024K)]
  0x000001a00b958800 JavaThread "Reference Handler"          daemon [_thread_blocked, id=21456, stack(0x0000005cfe100000,0x0000005cfe200000) (1024K)]
  0x000001a00b959110 JavaThread "Finalizer"                  daemon [_thread_blocked, id=14720, stack(0x0000005cfe200000,0x0000005cfe300000) (1024K)]
  0x000001a0256fe5b0 JavaThread "Signal Dispatcher"          daemon [_thread_blocked, id=22032, stack(0x0000005cfe300000,0x0000005cfe400000) (1024K)]
  0x000001a0257007b0 JavaThread "Attach Listener"            daemon [_thread_blocked, id=16508, stack(0x0000005cfe400000,0x0000005cfe500000) (1024K)]
  0x000001a02570d390 JavaThread "Service Thread"             daemon [_thread_blocked, id=27620, stack(0x0000005cfe500000,0x0000005cfe600000) (1024K)]
  0x000001a0257300a0 JavaThread "Monitor Deflation Thread"   daemon [_thread_blocked, id=26728, stack(0x0000005cfe600000,0x0000005cfe700000) (1024K)]
  0x000001a0257329a0 JavaThread "C1 CompilerThread0"         daemon [_thread_blocked, id=24880, stack(0x0000005cfe700000,0x0000005cfe800000) (1024K)]
  0x000001a0257b90f0 JavaThread "C1 CompilerThread1"         daemon [_thread_blocked, id=21700, stack(0x0000005cfe800000,0x0000005cfe900000) (1024K)]
  0x000001a025879b00 JavaThread "C1 CompilerThread2"         daemon [_thread_blocked, id=25476, stack(0x0000005cfe900000,0x0000005cfea00000) (1024K)]
  0x000001a0258d6820 JavaThread "Common-Cleaner"             daemon [_thread_blocked, id=24900, stack(0x0000005cfea00000,0x0000005cfeb00000) (1024K)]
  0x000001a02a2bb340 JavaThread "C1 CompilerThread3"         daemon [_thread_blocked, id=15988, stack(0x0000005cfeb00000,0x0000005cfec00000) (1024K)]
  0x000001a02a2c76a0 JavaThread "C1 CompilerThread4"         daemon [_thread_blocked, id=28448, stack(0x0000005cfec00000,0x0000005cfed00000) (1024K)]
  0x000001a02a2c89a0 JavaThread "C1 CompilerThread5"         daemon [_thread_blocked, id=22044, stack(0x0000005cfed00000,0x0000005cfee00000) (1024K)]
  0x000001a02a2ca710 JavaThread "C1 CompilerThread6"         daemon [_thread_blocked, id=21388, stack(0x0000005cfee00000,0x0000005cfef00000) (1024K)]
  0x000001a02a2cb950 JavaThread "C1 CompilerThread7"         daemon [_thread_blocked, id=27660, stack(0x0000005cfef00000,0x0000005cff000000) (1024K)]
  0x000001a02a2cc3e0 JavaThread "C1 CompilerThread8"         daemon [_thread_blocked, id=18212, stack(0x0000005cff000000,0x0000005cff100000) (1024K)]
  0x000001a02a2d0c10 JavaThread "C1 CompilerThread9"         daemon [_thread_blocked, id=25408, stack(0x0000005cff100000,0x0000005cff200000) (1024K)]
  0x000001a02a2d3840 JavaThread "C1 CompilerThread10"        daemon [_thread_blocked, id=3792, stack(0x0000005cff200000,0x0000005cff300000) (1024K)]
  0x000001a02a2d8480 JavaThread "C1 CompilerThread11"        daemon [_thread_blocked, id=25996, stack(0x0000005cff300000,0x0000005cff400000) (1024K)]
  0x000001a02a4785a0 JavaThread "Monitor Ctrl-Break"         daemon [_thread_in_native, id=26504, stack(0x0000005c80100000,0x0000005c80200000) (1024K)]
  0x000001a02b8500d0 JavaThread "JFR Recorder Thread"        daemon [_thread_in_native, id=25340, stack(0x0000005c80200000,0x0000005c80300000) (1024K)]
  0x000001a02ba35d00 JavaThread "JFR Periodic Tasks"         daemon [_thread_blocked, id=4012, stack(0x0000005c80300000,0x0000005c80400000) (1024K)]
Total: 23

Other Threads:
  0x000001a00b9427d0 VMThread "VM Thread"                           [id=10488, stack(0x0000005cfe000000,0x0000005cfe100000) (1024K)]
  0x000001a0256fabe0 WatcherThread "VM Periodic Task Thread"        [id=25572, stack(0x0000005cfdf00000,0x0000005cfe000000) (1024K)]
  0x000001a00b889dd0 WorkerThread "GC Thread#0"                     [id=3424, stack(0x0000005cfda00000,0x0000005cfdb00000) (1024K)]
  0x000001a02a3154f0 WorkerThread "GC Thread#1"                     [id=12316, stack(0x0000005cff400000,0x0000005cff500000) (1024K)]
  0x000001a02a315d30 WorkerThread "GC Thread#2"                     [id=23748, stack(0x0000005cff500000,0x0000005cff600000) (1024K)]
  0x000001a02a316570 WorkerThread "GC Thread#3"                     [id=25592, stack(0x0000005cff600000,0x0000005cff700000) (1024K)]
  0x000001a02a3175d0 WorkerThread "GC Thread#4"                     [id=24924, stack(0x0000005cff700000,0x0000005cff800000) (1024K)]
  0x000001a02a317b10 WorkerThread "GC Thread#5"                     [id=17824, stack(0x0000005cff800000,0x0000005cff900000) (1024K)]
  0x000001a02a318350 WorkerThread "GC Thread#6"                     [id=20812, stack(0x0000005cff900000,0x0000005cffa00000) (1024K)]
  0x000001a02a318780 WorkerThread "GC Thread#7"                     [id=13400, stack(0x0000005cffa00000,0x0000005cffb00000) (1024K)]
  0x000001a02a3197d0 WorkerThread "GC Thread#8"                     [id=1036, stack(0x0000005cffb00000,0x0000005cffc00000) (1024K)]
  0x000001a02a31cda0 WorkerThread "GC Thread#9"                     [id=10544, stack(0x0000005cffc00000,0x0000005cffd00000) (1024K)]
  0x000001a02a31c500 WorkerThread "GC Thread#10"                    [id=15668, stack(0x0000005cffd00000,0x0000005cffe00000) (1024K)]
  0x000001a02a31c950 WorkerThread "GC Thread#11"                    [id=6652, stack(0x0000005cffe00000,0x0000005cfff00000) (1024K)]
  0x000001a00b8a2b40 ConcurrentGCThread "G1 Main Marker"            [id=27896, stack(0x0000005cfdb00000,0x0000005cfdc00000) (1024K)]
  0x000001a00b8a36e0 WorkerThread "G1 Conc#0"                       [id=27696, stack(0x0000005cfdc00000,0x0000005cfdd00000) (1024K)]
  0x000001a02a31d1f0 WorkerThread "G1 Conc#1"                       [id=23456, stack(0x0000005cfff00000,0x0000005d00000000) (1024K)]
  0x000001a02a31da90 WorkerThread "G1 Conc#2"                       [id=28080, stack(0x0000005c80000000,0x0000005c80100000) (1024K)]
  0x000001a00b921020 ConcurrentGCThread "G1 Refine#0"               [id=20124, stack(0x0000005cfdd00000,0x0000005cfde00000) (1024K)]
  0x000001a00b924040 ConcurrentGCThread "G1 Service"                [id=25320, stack(0x0000005cfde00000,0x0000005cfdf00000) (1024K)]
Total: 20

Threads with active compile tasks:
Total: 0

VM state: not at safepoint (normal execution)

VM Mutex/Monitor currently owned by a thread: None

Heap address: 0x0000000604800000, size: 8120 MB, Compressed Oops mode: Zero based, Oop shift amount: 3

CDS archive(s) mapped at: [0x0000000007000000-0x0000000007dd0000-0x0000000007dd0000), size 14483456, SharedBaseAddress: 0x0000000007000000, ArchiveRelocationMode: 1.
Compressed class space mapped at: 0x0000000008000000-0x0000000048000000, reserved size: 1073741824
UseCompressedClassPointers 1, UseCompactObjectHeaders 0
Narrow klass pointer bits 32, Max shift 3
Narrow klass base: 0x0000000007000000, Narrow klass shift: 0
Encoding Range: [0x0000000007000000 - 0x0000000107000000), (4294967296 bytes)
Klass Range:    [0x0000000007010000 - 0x0000000048000000), (1090453504 bytes)
Klass ID Range:  [65536 - 1090519033) (1090453497)
Protection zone: [0x0000000007000000 - 0x0000000007010000), (65536 bytes)

GC Precious Log:
 CardTable entry size: 512
 Card Set container configuration: InlinePtr #cards 4 size 8 Array Of Cards #cards 32 size 80 Howl #buckets 8 coarsen threshold 7372 Howl Bitmap #cards 1024 size 144 coarsen threshold 921 Card regions per heap region 1 cards per card region 8192
 CPUs: 16 total, 16 available
 Memory: 32466M
 Large Page Support: Disabled
 NUMA Support: Disabled
 Compressed Oops: Enabled (Zero based)
 Heap Region Size: 4M
 Heap Min Capacity: 8M
 Heap Initial Capacity: 508M
 Heap Max Capacity: 8120M
 Pre-touch: Disabled
 Parallel Workers: 13
 Concurrent Workers: 3
 Concurrent Refinement Workers: 13
 Periodic GC: Disabled

Heap:
 garbage-first heap   total reserved 8314880K, committed 40960K, used 28864K [0x0000000604800000, 0x0000000800000000)
  region size 4096K, 8 young (32768K), 2 survivors (8192K)

Heap Regions: E=young(eden), S=young(survivor), O=old, HS=humongous(starts), HC=humongous(continues), CS=collection set, F=free, TAMS=top-at-mark-start, PB=parsable bottom
|   0|0x0000000604800000, 0x0000000604800000, 0x0000000604c00000|  0%| F|  |TAMS 0x0000000604800000| PB 0x0000000604800000| Untracked |  0
|   1|0x0000000604c00000, 0x0000000604e666a8, 0x0000000605000000| 60%| E|  |TAMS 0x0000000604c00000| PB 0x0000000604c00000| Complete |  0
|   2|0x0000000605000000, 0x0000000605400000, 0x0000000605400000|100%| E|CS|TAMS 0x0000000605000000| PB 0x0000000605000000| Complete |  0
|   3|0x0000000605400000, 0x0000000605800000, 0x0000000605800000|100%| E|CS|TAMS 0x0000000605400000| PB 0x0000000605400000| Complete |  0
|   4|0x0000000605800000, 0x0000000605c00000, 0x0000000605c00000|100%| E|CS|TAMS 0x0000000605800000| PB 0x0000000605800000| Complete |  0
|   5|0x0000000605c00000, 0x0000000606000000, 0x0000000606000000|100%| E|CS|TAMS 0x0000000605c00000| PB 0x0000000605c00000| Complete |  0
| 121|0x0000000622c00000, 0x0000000622f0add8, 0x0000000623000000| 76%| S|CS|TAMS 0x0000000622c00000| PB 0x0000000622c00000| Complete |  0
| 122|0x0000000623000000, 0x0000000623400000, 0x0000000623400000|100%| S|CS|TAMS 0x0000000623000000| PB 0x0000000623000000| Complete |  0
| 126|0x0000000624000000, 0x0000000624400000, 0x0000000624400000|100%| E|CS|TAMS 0x0000000624000000| PB 0x0000000624000000| Complete |  0
|2029|0x00000007ffc00000, 0x00000007ffd25608, 0x0000000800000000| 28%| O|Cm|TAMS 0x00000007ffc00000| PB 0x00000007ffc00000| Complete |  0

Card table byte_map: [0x000001a019940000,0x000001a01a920000] _byte_map_base: 0x000001a01691c000

Marking Bits: (CMBitMap*) 0x000001a00b88a560
 Bits: [0x000001a01a920000, 0x000001a022800000)

Polling page: 0x000001a009cc0000

Metaspace:
Metaspace        used 2646K, committed 2816K, reserved 1114112K
 class space     used 276K, committed 384K, reserved 1048576K

Usage:
  Non-class:      2.31 MB used.
      Class:    276.45 KB used.
       Both:      2.58 MB used.

Virtual space:
  Non-class space:       64.00 MB reserved,       2.38 MB (  4%) committed,  1 nodes.
      Class space:        1.00 GB reserved,     384.00 KB ( <1%) committed,  1 nodes.
             Both:        1.06 GB reserved,       2.75 MB ( <1%) committed. 

Chunk freelists:
   Non-Class:  11.94 MB
       Class:  15.60 MB
        Both:  27.54 MB

MaxMetaspaceSize: unlimited
CompressedClassSpaceSize: 1.00 GB
Initial GC threshold: 21.00 MB
Current GC threshold: 21.00 MB
CDS: on
 - commit_granule_bytes: 65536.
 - commit_granule_words: 8192.
 - virtual_space_node_default_size: 8388608.
 - enlarge_chunks_in_place: 1.
UseCompressedClassPointers 1, UseCompactObjectHeaders 0
Narrow klass pointer bits 32, Max shift 3
Narrow klass base: 0x0000000007000000, Narrow klass shift: 0
Encoding Range: [0x0000000007000000 - 0x0000000107000000), (4294967296 bytes)
Klass Range:    [0x0000000007010000 - 0x0000000048000000), (1090453504 bytes)
Klass ID Range:  [65536 - 1090519033) (1090453497)
Protection zone: [0x0000000007000000 - 0x0000000007010000), (65536 bytes)


Internal statistics:

num_allocs_failed_limit: 0.
num_arena_births: 52.
num_arena_deaths: 0.
num_vsnodes_births: 2.
num_vsnodes_deaths: 0.
num_space_committed: 44.
num_space_uncommitted: 0.
num_chunks_returned_to_freelist: 0.
num_chunks_taken_from_freelist: 55.
num_chunk_merges: 0.
num_chunk_splits: 39.
num_chunks_enlarged: 25.
num_inconsistent_stats: 0.

CodeCache: size=49152Kb used=8830Kb max_used=8830Kb free=40322Kb
 bounds [0x000001a014c90000, 0x000001a015530000, 0x000001a017c90000]
 total_blobs=1856, nmethods=1384, adapters=386, full_count=0
Compilation: enabled, stopped_count=0, restarted_count=0

Compilation events (20 events):
Event: 0.479 Thread 0x000001a02a2d3840 1377       1       jdk.jfr.internal.EventControl::getNamedControls (5 bytes)
Event: 0.479 Thread 0x000001a0257329a0 1375       1       jdk.jfr.internal.EventControl::getEventType (5 bytes)
Event: 0.479 Thread 0x000001a02a2d8480 nmethod 1374 0x000001a01552c908 code [0x000001a01552ca00, 0x000001a01552cac8]
Event: 0.480 Thread 0x000001a02a2cc3e0 1378   !   1       jdk.jfr.internal.Control::setValue (69 bytes)
Event: 0.480 Thread 0x000001a02a2ca710 nmethod 1376 0x000001a01552cc08 code [0x000001a01552cd00, 0x000001a01552cdc8]
Event: 0.480 Thread 0x000001a02a2d0c10 1379       1       jdk.jfr.internal.SettingsManager$InternalSetting::getValues (35 bytes)
Event: 0.480 Thread 0x000001a02a2d3840 nmethod 1377 0x000001a01552cf08 code [0x000001a01552d000, 0x000001a01552d0c8]
Event: 0.480 Thread 0x000001a0257329a0 nmethod 1375 0x000001a01552d208 code [0x000001a01552d300, 0x000001a01552d3c8]
Event: 0.480 Thread 0x000001a02a2c76a0 1380       1       jdk.jfr.internal.Control::apply (10 bytes)
Event: 0.480 Thread 0x000001a02a2ca710 1381       1       jdk.jfr.internal.Control::findCombine (121 bytes)
Event: 0.480 Thread 0x000001a02a2d0c10 nmethod 1379 0x000001a01552d508 code [0x000001a01552d600, 0x000001a01552d818]
Event: 0.480 Thread 0x000001a02a2c76a0 nmethod 1380 0x000001a01552d888 code [0x000001a01552d980, 0x000001a01552daa0]
Event: 0.480 Thread 0x000001a02a2cc3e0 nmethod 1378 0x000001a01552db88 code [0x000001a01552dc80, 0x000001a01552e168]
Event: 0.480 Thread 0x000001a02a2cb950 1382       1       java.lang.StringLatin1::getChar (9 bytes)
Event: 0.480 Thread 0x000001a02a2cb950 nmethod 1382 0x000001a01552e208 code [0x000001a01552e300, 0x000001a01552e3d8]
Event: 0.480 Thread 0x000001a02a2ca710 nmethod 1381 0x000001a01552e508 code [0x000001a01552e600, 0x000001a01552edb8]
Event: 0.483 Thread 0x000001a02a2d0c10 1383       1       jdk.jfr.internal.periodic.EventTask::getEventType (5 bytes)
Event: 0.483 Thread 0x000001a02a2d0c10 nmethod 1383 0x000001a01552f208 code [0x000001a01552f300, 0x000001a01552f3c8]
Event: 0.483 Thread 0x000001a02a2cc3e0 1384       1       jdk.jfr.internal.periodic.PeriodicTask::getPeriod (5 bytes)
Event: 0.483 Thread 0x000001a02a2cc3e0 nmethod 1384 0x000001a01552f508 code [0x000001a01552f600, 0x000001a01552f6c8]

GC Heap Usage History (2 events):
Event: 0.253 {heap Before GC invocations=0 (full 0):
 garbage-first heap   total reserved 8314880K, committed 524288K, used 9365K [0x0000000604800000, 0x0000000800000000)
  region size 4096K, 4 young (16384K), 0 survivors (0K)
}
Event: 0.257 {heap After GC invocations=1 (full 0):
 garbage-first heap   total reserved 8314880K, committed 524288K, used 8384K [0x0000000604800000, 0x0000000800000000)
  region size 4096K, 2 young (8192K), 2 survivors (8192K)
}

Metaspace Usage History (2 events):
Event: 0.253 {metaspace Before GC invocations=0 (full 0):
 Metaspace       used 327K, committed 512K, reserved 1114112K
  class space    used 15K, committed 128K, reserved 1048576K
}
Event: 0.257 {metaspace After GC invocations=1 (full 0):
 Metaspace       used 327K, committed 512K, reserved 1114112K
  class space    used 15K, committed 128K, reserved 1048576K
}

Dll operation events (9 events):
Event: 0.014 Loaded shared library C:\Program Files\Java\jdk-25\bin\java.dll
Event: 0.168 Loaded shared library C:\Program Files\Java\jdk-25\bin\zip.dll
Event: 0.170 Loaded shared library C:\Program Files\Java\jdk-25\bin\instrument.dll
Event: 0.173 Loaded shared library C:\Program Files\Java\jdk-25\bin\net.dll
Event: 0.175 Loaded shared library C:\Program Files\Java\jdk-25\bin\nio.dll
Event: 0.177 Loaded shared library C:\Program Files\Java\jdk-25\bin\zip.dll
Event: 0.264 Loaded shared library C:\Users\escip\AppData\Local\Programs\IntelliJ IDEA Ultimate\bin\breakgen64.dll
Event: 0.283 Loaded shared library C:\Program Files\Java\jdk-25\bin\extnet.dll
Event: 0.306 Loaded shared library C:\Program Files\Java\jdk-25\bin\jimage.dll

Deoptimization events (0 events):
No events

Classes loaded (20 events):
Event: 0.465 Loading class jdk/jfr/internal/consumer/RepositoryFiles
Event: 0.465 Loading class jdk/jfr/internal/consumer/RepositoryFiles done
Event: 0.477 Loading class jdk/jfr/internal/SettingsManager$InternalSetting
Event: 0.477 Loading class jdk/jfr/internal/SettingsManager$InternalSetting done
Event: 0.478 Loading class jdk/jfr/internal/util/Rate
Event: 0.478 Loading class jdk/jfr/internal/util/Rate done
Event: 0.478 Loading class jdk/jfr/internal/util/TimespanUnit
Event: 0.478 Loading class jdk/jfr/internal/util/TimespanUnit done
Event: 0.478 Loading class jdk/jfr/internal/util/ValueParser
Event: 0.478 Loading class jdk/jfr/internal/util/ValueParser done
Event: 0.479 Loading class jdk/jfr/internal/util/TimespanRate
Event: 0.479 Loading class jdk/jfr/internal/util/TimespanRate done
Event: 0.480 Loading class java/util/TreeSet
Event: 0.480 Loading class java/util/TreeSet done
Event: 0.480 Loading class java/util/TreeMap$KeySet
Event: 0.481 Loading class java/util/TreeMap$KeySet done
Event: 0.481 Loading class java/util/TreeMap$KeyIterator
Event: 0.481 Loading class java/util/TreeMap$KeyIterator done
Event: 0.481 Loading class jdk/jfr/internal/periodic/PeriodicType
Event: 0.481 Loading class jdk/jfr/internal/periodic/PeriodicType done

Classes unloaded (0 events):
No events

Classes redefined (0 events):
No events

Internal exceptions (16 events):
Event: 0.241 Thread 0x000001a00b7dee80 Exception <a 'java/lang/NoSuchMethodError'{0x0000000623575150}: 'void java.lang.invoke.DirectMethodHandle$Holder.invokeStatic(java.lang.Object, java.lang.Object, java.lang.Object)'> (0x0000000623575150) 
thrown [s\open\src\hotspot\share\interpreter\linkResolver.cpp, line 804]
Event: 0.247 Thread 0x000001a00b7dee80 Exception <a 'java/lang/NoSuchMethodError'{0x00000006235a9fe8}: 'java.lang.Object java.lang.invoke.Invokers$Holder.invokeExact_MT(java.lang.Object, java.lang.Object, java.lang.Object, java.lang.Object, java.lang.Object)'> (0x00000006235a9fe8) 
thrown [s\open\src\hotspot\share\interpreter\linkResolver.cpp, line 804]
Event: 0.280 Thread 0x000001a02a4785a0 Exception <a 'java/lang/NoSuchMethodError'{0x00000006240d9b98}: 'java.lang.Object java.lang.invoke.DirectMethodHandle$Holder.invokeStaticInit(java.lang.Object)'> (0x00000006240d9b98) 
thrown [s\open\src\hotspot\share\interpreter\linkResolver.cpp, line 804]
Event: 0.285 Thread 0x000001a02a4785a0 Exception <a 'java/lang/NoSuchMethodError'{0x00000006240e4800}: 'void java.lang.invoke.DirectMethodHandle$Holder.invokeStatic(java.lang.Object, java.lang.Object)'> (0x00000006240e4800) 
thrown [s\open\src\hotspot\share\interpreter\linkResolver.cpp, line 804]
Event: 0.310 Thread 0x000001a00b7dee80 Exception <a 'java/lang/NoSuchMethodError'{0x0000000605c8b650}: 'java.lang.Object java.lang.invoke.DirectMethodHandle$Holder.invokeStatic(java.lang.Object, int, java.lang.Object)'> (0x0000000605c8b650) 
thrown [s\open\src\hotspot\share\interpreter\linkResolver.cpp, line 804]
Event: 0.319 Thread 0x000001a00b7dee80 Exception <a 'java/lang/NoSuchMethodError'{0x0000000605cbd4f0}: 'void java.lang.invoke.DirectMethodHandle$Holder.invokeStaticInit(java.lang.Object)'> (0x0000000605cbd4f0) 
thrown [s\open\src\hotspot\share\interpreter\linkResolver.cpp, line 804]
Event: 0.331 Thread 0x000001a00b7dee80 Exception <a 'java/lang/NoSuchMethodError'{0x0000000605d2d488}: 'void java.lang.invoke.DirectMethodHandle$Holder.invokeSpecial(java.lang.Object, java.lang.Object, java.lang.Object)'> (0x0000000605d2d488) 
thrown [s\open\src\hotspot\share\interpreter\linkResolver.cpp, line 804]
Event: 0.347 Thread 0x000001a00b7dee80 Exception <a 'java/lang/NoSuchMethodError'{0x0000000605d94b90}: 'java.lang.Object java.lang.invoke.DirectMethodHandle$Holder.newInvokeSpecial(java.lang.Object, java.lang.Object, java.lang.Object, java.lang.Object, java.lang.Object)'> (0x0000000605d94b90) 
thrown [s\open\src\hotspot\share\interpreter\linkResolver.cpp, line 804]
Event: 0.387 Thread 0x000001a00b7dee80 Exception <a 'java/lang/NoSuchMethodError'{0x0000000605f23ee8}: 'long java.lang.invoke.DirectMethodHandle$Holder.invokeVirtual(java.lang.Object, java.lang.Object)'> (0x0000000605f23ee8) 
thrown [s\open\src\hotspot\share\interpreter\linkResolver.cpp, line 804]
Event: 0.389 Thread 0x000001a00b7dee80 Exception <a 'java/lang/NoSuchMethodError'{0x0000000605f33628}: 'int java.lang.invoke.DirectMethodHandle$Holder.invokeStatic(java.lang.Object, java.lang.Object, java.lang.Object, java.lang.Object)'> (0x0000000605f33628) 
thrown [s\open\src\hotspot\share\interpreter\linkResolver.cpp, line 804]
Event: 0.445 Thread 0x000001a00b7dee80 Exception <a 'java/lang/NoSuchMethodError'{0x0000000605022e68}: 'void java.lang.invoke.DirectMethodHandle$Holder.invokeSpecial(java.lang.Object, java.lang.Object, int)'> (0x0000000605022e68) 
thrown [s\open\src\hotspot\share\interpreter\linkResolver.cpp, line 804]
Event: 0.445 Thread 0x000001a00b7dee80 Exception <a 'java/lang/NoSuchMethodError'{0x000000060502aac0}: 'void java.lang.invoke.Invokers$Holder.invokeExact_MT(java.lang.Object, int, java.lang.Object)'> (0x000000060502aac0) 
thrown [s\open\src\hotspot\share\interpreter\linkResolver.cpp, line 804]
Event: 0.448 Thread 0x000001a02ba35d00 Exception <a 'java/lang/NoSuchMethodError'{0x00000006050ce098}: 'long java.lang.invoke.DirectMethodHandle$Holder.invokeSpecial(java.lang.Object, java.lang.Object)'> (0x00000006050ce098) 
thrown [s\open\src\hotspot\share\interpreter\linkResolver.cpp, line 804]
Event: 0.448 Thread 0x000001a00b7dee80 Exception <a 'sun/nio/fs/WindowsException'{0x00000006050528a8}> (0x00000006050528a8) 
thrown [s\open\src\hotspot\share\prims\jni.cpp, line 516]
Event: 0.449 Thread 0x000001a00b7dee80 Exception <a 'sun/nio/fs/WindowsException'{0x0000000605058158}> (0x0000000605058158) 
thrown [s\open\src\hotspot\share\prims\jni.cpp, line 516]
Event: 0.451 Thread 0x000001a00b7dee80 Exception <a 'sun/nio/fs/WindowsException'{0x000000060505aa70}> (0x000000060505aa70) 
thrown [s\open\src\hotspot\share\prims\jni.cpp, line 516]

VM Operations (16 events):
Event: 0.160 Executing non-safepoint VM operation: HandshakeAllThreads (Deoptimize)
Event: 0.160 Executing non-safepoint VM operation: HandshakeAllThreads (Deoptimize) done
Event: 0.252 Executing safepoint VM operation: G1TryInitiateConcMark (CodeCache GC Threshold)
Event: 0.257 Executing safepoint VM operation: G1TryInitiateConcMark (CodeCache GC Threshold) done
Event: 0.261 Executing safepoint VM operation: G1PauseRemark
Event: 0.262 Executing safepoint VM operation: G1PauseRemark done
Event: 0.263 Executing safepoint VM operation: G1PauseCleanup
Event: 0.263 Executing safepoint VM operation: G1PauseCleanup done
Event: 0.290 Executing non-safepoint VM operation: HandshakeAllThreads (Deoptimize)
Event: 0.291 Executing non-safepoint VM operation: HandshakeAllThreads (Deoptimize) done
Event: 0.447 Executing non-safepoint VM operation: HandshakeAllThreads (Deoptimize)
Event: 0.447 Executing non-safepoint VM operation: HandshakeAllThreads (Deoptimize) done
Event: 0.448 Executing non-safepoint VM operation: HandshakeAllThreads (Deoptimize)
Event: 0.448 Executing non-safepoint VM operation: HandshakeAllThreads (Deoptimize) done
Event: 0.465 Executing safepoint VM operation: JFRSafepointClear
Event: 0.465 Executing safepoint VM operation: JFRSafepointClear done

Memory protections (0 events):
No events

Nmethod flushes (0 events):
No events

Events (20 events):
Event: 0.045 Thread 0x000001a00b7dee80 Thread added: 0x000001a0256fe5b0
Event: 0.045 Thread 0x000001a00b7dee80 Thread added: 0x000001a0257007b0
Event: 0.045 Thread 0x000001a00b7dee80 Thread added: 0x000001a02570d390
Event: 0.046 Thread 0x000001a00b7dee80 Thread added: 0x000001a0257300a0
Event: 0.046 Thread 0x000001a00b7dee80 Thread added: 0x000001a0257329a0
Event: 0.143 Thread 0x000001a0257329a0 Thread added: 0x000001a0257b90f0
Event: 0.160 Thread 0x000001a0257b90f0 Thread added: 0x000001a025879b00
Event: 0.172 Thread 0x000001a00b7dee80 Thread added: 0x000001a0258d6820
Event: 0.244 Thread 0x000001a0257329a0 Thread added: 0x000001a02a2bb340
Event: 0.250 Thread 0x000001a0257329a0 Thread added: 0x000001a02a2c76a0
Event: 0.251 Thread 0x000001a0257329a0 Thread added: 0x000001a02a2c89a0
Event: 0.251 Thread 0x000001a0257329a0 Thread added: 0x000001a02a2ca710
Event: 0.251 Thread 0x000001a0257329a0 Thread added: 0x000001a02a2cb950
Event: 0.251 Thread 0x000001a0257329a0 Thread added: 0x000001a02a2cc3e0
Event: 0.251 Thread 0x000001a0257329a0 Thread added: 0x000001a02a2d0c10
Event: 0.251 Thread 0x000001a0257329a0 Thread added: 0x000001a02a2d3840
Event: 0.251 Thread 0x000001a0257329a0 Thread added: 0x000001a02a2d8480
Event: 0.264 Thread 0x000001a00b7dee80 Thread added: 0x000001a02a4785a0
Event: 0.318 Thread 0x000001a00b7dee80 Thread added: 0x000001a02b8500d0
Event: 0.446 Thread 0x000001a00b7dee80 Thread added: 0x000001a02ba35d00


Dynamic libraries:
0x00007ff7d0cb0000 - 0x00007ff7d0cc0000 	C:\Program Files\Java\jdk-25\bin\java.exe
0x00007fff33880000 - 0x00007fff33ae7000 	C:\WINDOWS\SYSTEM32\ntdll.dll
0x00007ffef3210000 - 0x00007ffef3230000 	C:\Program Files\Norton\Suite\aswhook.dll
0x00007fff31da0000 - 0x00007fff31e69000 	C:\WINDOWS\System32\KERNEL32.DLL
0x00007fff303d0000 - 0x00007fff307c1000 	C:\WINDOWS\System32\KERNELBASE.dll
0x00007fff30a40000 - 0x00007fff30b8b000 	C:\WINDOWS\System32\ucrtbase.dll
0x00007fff20f70000 - 0x00007fff20f87000 	C:\Program Files\Java\jdk-25\bin\jli.dll
0x00007fff32cd0000 - 0x00007fff32e95000 	C:\WINDOWS\System32\USER32.dll
0x00007fff208c0000 - 0x00007fff208de000 	C:\Program Files\Java\jdk-25\bin\VCRUNTIME140.dll
0x00007fff30160000 - 0x00007fff30187000 	C:\WINDOWS\System32\win32u.dll
0x00007fff11660000 - 0x00007fff118f3000 	C:\WINDOWS\WinSxS\amd64_microsoft.windows.common-controls_6595b64144ccf1df_6.0.26100.8037_none_3e092faae333b53b\COMCTL32.dll
0x00007fff33580000 - 0x00007fff335ab000 	C:\WINDOWS\System32\GDI32.dll
0x00007fff331f0000 - 0x00007fff33299000 	C:\WINDOWS\System32\msvcrt.dll
0x00007fff30910000 - 0x00007fff30a3b000 	C:\WINDOWS\System32\gdi32full.dll
0x00007fff31570000 - 0x00007fff31613000 	C:\WINDOWS\System32\msvcp_win.dll
0x00007fff31e70000 - 0x00007fff31ea1000 	C:\WINDOWS\System32\IMM32.DLL
0x00007fff27570000 - 0x00007fff2757c000 	C:\Program Files\Java\jdk-25\bin\vcruntime140_1.dll
0x00007fff187b0000 - 0x00007fff1883d000 	C:\Program Files\Java\jdk-25\bin\msvcp140.dll
0x00007ffe77630000 - 0x00007ffe7848f000 	C:\Program Files\Java\jdk-25\bin\server\jvm.dll
0x00007fff33130000 - 0x00007fff331eb000 	C:\WINDOWS\System32\ADVAPI32.dll
0x00007fff32b40000 - 0x00007fff32be7000 	C:\WINDOWS\System32\sechost.dll
0x00007fff322f0000 - 0x00007fff32408000 	C:\WINDOWS\System32\RPCRT4.dll
0x00007fff335b0000 - 0x00007fff33624000 	C:\WINDOWS\System32\WS2_32.dll
0x00007fff27860000 - 0x00007fff27895000 	C:\WINDOWS\SYSTEM32\WINMM.dll
0x00007fff2ffc0000 - 0x00007fff3001e000 	C:\WINDOWS\SYSTEM32\POWRPROF.dll
0x00007fff1ec90000 - 0x00007fff1ec9b000 	C:\WINDOWS\SYSTEM32\VERSION.dll
0x00007fff2ffa0000 - 0x00007fff2ffb4000 	C:\WINDOWS\SYSTEM32\UMPDC.dll
0x00007fff2eef0000 - 0x00007fff2ef0b000 	C:\WINDOWS\SYSTEM32\kernel.appcore.dll
0x00007fff210f0000 - 0x00007fff210fa000 	C:\Program Files\Java\jdk-25\bin\jimage.dll
0x00007fff2df60000 - 0x00007fff2e1a2000 	C:\WINDOWS\SYSTEM32\DBGHELP.DLL
0x00007fff31ec0000 - 0x00007fff32242000 	C:\WINDOWS\System32\combase.dll
0x00007fff32ea0000 - 0x00007fff32f77000 	C:\WINDOWS\System32\OLEAUT32.dll
0x00007fff1dc40000 - 0x00007fff1dc7b000 	C:\WINDOWS\SYSTEM32\dbgcore.DLL
0x00007fff30860000 - 0x00007fff30905000 	C:\WINDOWS\System32\bcryptPrimitives.dll
0x00007fff1fdb0000 - 0x00007fff1fdc0000 	C:\Program Files\Java\jdk-25\bin\instrument.dll
0x00007fff18e90000 - 0x00007fff18eaf000 	C:\Program Files\Java\jdk-25\bin\java.dll
0x00007fff329a0000 - 0x00007fff32b35000 	C:\WINDOWS\System32\ole32.dll
0x00007fff31620000 - 0x00007fff31d7f000 	C:\WINDOWS\System32\SHELL32.dll
0x00007fff31400000 - 0x00007fff3156a000 	C:\WINDOWS\System32\wintypes.dll
0x00007ffe86820000 - 0x00007ffe86a2e000 	C:\Users\escip\AppData\Local\Temp\idea_libasyncProfiler_dll_temp_folder\libasyncProfiler.dll
0x00007fff30b90000 - 0x00007fff313f4000 	C:\WINDOWS\System32\windows.storage.dll
0x00007fff33480000 - 0x00007fff33577000 	C:\WINDOWS\System32\SHCORE.dll
0x00007fff32280000 - 0x00007fff322e7000 	C:\WINDOWS\System32\shlwapi.dll
0x00007fff30080000 - 0x00007fff300a9000 	C:\WINDOWS\SYSTEM32\profapi.dll
0x00007fff182a0000 - 0x00007fff182b7000 	C:\Program Files\Java\jdk-25\bin\zip.dll
0x00007fff180b0000 - 0x00007fff180c2000 	C:\Program Files\Java\jdk-25\bin\net.dll
0x00007fff2f460000 - 0x00007fff2f4cb000 	C:\WINDOWS\system32\mswsock.dll
0x00007fff18090000 - 0x00007fff180a6000 	C:\Program Files\Java\jdk-25\bin\nio.dll
0x00007fff14e10000 - 0x00007fff14e2a000 	C:\Users\escip\AppData\Local\Programs\IntelliJ IDEA Ultimate\bin\breakgen64.dll
0x00007fff1fda0000 - 0x00007fff1fda9000 	C:\Program Files\Java\jdk-25\bin\extnet.dll

JVMTI agents:
C:\Users\escip\AppData\Local\Programs\IntelliJ IDEA Ultimate\lib\idea_rt.jar path:C:\Program Files\Java\jdk-25\bin\instrument.dll, loaded, initialized, instrumentlib options:31446:C:\Users\escip\AppData\Local\Programs\IntelliJ IDEA Ultimate\bin
C:\Users\escip\AppData\Local\Temp\idea_libasyncProfiler_dll_temp_folder\libasyncProfiler.dll path:C:\Users\escip\AppData\Local\Temp\idea_libasyncProfiler_dll_temp_folder\libasyncProfiler.dll, loaded, initialized, options:start,jfr,event=wall,interval=10ms,jfrsync=profile,cstack=no,file=C:\Users\escip\IdeaSnapshots\TrainFyreApplication_2026_03_19_224244.jfr,dbghelppath=C:\Users\escip\AppData\Local\Temp\idea_dbghelp_dll_temp_folder\dbghelp.dll,log=C:\Users\escip\AppData\Local\Temp\TrainFyreApplication_2026_03_19_224244.jfr.log.txt,logLevel=DEBUG

dbghelp: loaded successfully - version: 4.0.5 - missing functions: none
symbol engine: initialized successfully - sym options: 0x614 - pdb path: .;C:\Program Files\Java\jdk-25\bin;C:\WINDOWS\SYSTEM32;C:\Program Files\Norton\Suite;C:\WINDOWS\WinSxS\amd64_microsoft.windows.common-controls_6595b64144ccf1df_6.0.26100.8037_none_3e092faae333b53b;C:\Program Files\Java\jdk-25\bin\server;C:\Users\escip\AppData\Local\Temp\idea_libasyncProfiler_dll_temp_folder;C:\Users\escip\AppData\Local\Programs\IntelliJ IDEA Ultimate\bin

VM Arguments:
jvm_args: -XX:TieredStopAtLevel=1 -Dspring.profiles.active=dev,prod -Dspring.output.ansi.enabled=always -Dcom.sun.management.jmxremote -Dspring.jmx.enabled=true -Dspring.liveBeansView.mbeanDomain -Dspring.application.admin.enabled=true -Dmanagement.endpoints.jmx.exposure.include=* -javaagent:C:\Users\escip\AppData\Local\Programs\IntelliJ IDEA Ultimate\lib\idea_rt.jar=31446:C:\Users\escip\AppData\Local\Programs\IntelliJ IDEA Ultimate\bin -agentpath:C:\Users\escip\AppData\Local\Temp\idea_libasyncProfiler_dll_temp_folder\libasyncProfiler.dll=start,jfr,event=wall,interval=10ms,jfrsync=profile,cstack=no,file=C:\Users\escip\IdeaSnapshots\TrainFyreApplication_2026_03_19_224244.jfr,dbghelppath=C:\Users\escip\AppData\Local\Temp\idea_dbghelp_dll_temp_folder\dbghelp.dll,log=C:\Users\escip\AppData\Local\Temp\TrainFyreApplication_2026_03_19_224244.jfr.log.txt,logLevel=DEBUG -Dfile.encoding=UTF-8 -Dsun.stdout.encoding=UTF-8 -Dsun.stderr.encoding=UTF-8 
java_command: codeurjc.ssdd.grupo1.trainfyre.TrainFyreApplication
java_class_path (initial): C:\Trabajos\2026\Distribuidos\Practica1\backend\target\classes;C:\Users\escip\.m2\repository\org\springframework\boot\spring-boot-starter-mustache\4.0.2\spring-boot-starter-mustache-4.0.2.jar;C:\Users\escip\.m2\repository\org\springframework\boot\spring-boot-starter\4.0.2\spring-boot-starter-4.0.2.jar;C:\Users\escip\.m2\repository\org\springframework\boot\spring-boot-starter-logging\4.0.2\spring-boot-starter-logging-4.0.2.jar;C:\Users\escip\.m2\repository\ch\qos\logback\logback-classic\1.5.25\logback-classic-1.5.25.jar;C:\Users\escip\.m2\repository\ch\qos\logback\logback-core\1.5.25\logback-core-1.5.25.jar;C:\Users\escip\.m2\repository\org\apache\logging\log4j\log4j-to-slf4j\2.25.3\log4j-to-slf4j-2.25.3.jar;C:\Users\escip\.m2\repository\org\apache\logging\log4j\log4j-api\2.25.3\log4j-api-2.25.3.jar;C:\Users\escip\.m2\repository\org\slf4j\jul-to-slf4j\2.0.17\jul-to-slf4j-2.0.17.jar;C:\Users\escip\.m2\repository\jakarta\annotation\jakarta.annotation-api\3.0.0\jakarta.annotation-api-3.0.0.jar;C:\Users\escip\.m2\repository\org\yaml\snakeyaml\2.5\snakeyaml-2.5.jar;C:\Users\escip\.m2\repository\org\springframework\boot\spring-boot-mustache\4.0.2\spring-boot-mustache-4.0.2.jar;C:\Users\escip\.m2\repository\com\samskivert\jmustache\1.16\jmustache-1.16.jar;C:\Users\escip\.m2\repository\org\springframework\spring-web\7.0.3\spring-web-7.0.3.jar;C:\Users\escip\.m2\repository\io\micrometer\micrometer-observation\1.16.2\micrometer-observation-1.16.2.jar;C:\Users\escip\.m2\repository\io\micrometer\micrometer-commons\1.16.2\micrometer-commons-1.16.2.jar;C:\Users\escip\.m2\repository\org\springframework\boot\spring-boot-starter-web\4.0.2\spring-boot-starter-web-4.0.2.jar;C:\Users\escip\.m2\repository\org\springframework\boot\spring-boot-starter-jackson\4.0.2\spring-boot-starter-jackson-4.0.2.jar;C:\Users\escip\.m2\repository\org\springframework\boot\spring-boot-jackson\4.0.2\spring-boot-jackson-4.0.2.jar;C:\Users\escip\.m2\repository\tools\jackson\core\jackson-databind\3.0.4\jackson-databind-3.0.4.jar;C:\Users\escip\.m2\repository\com\fasterxml\jackson\core\jackson-annotations\2.20\jackson-annotations-2.20.jar;C:\Users\escip\.m2\repository\tools\jackson\core\jackson-core\3.0.4\jackson-core-3.0.4.jar;C:\Users\escip\.m2\repository\org\springframework\boot\spring-boot-starter-tomcat\4.0.2\spring-boot-starter-tomcat-4.0.2.jar;C:\Users\escip\.m2\repository\org\springframework\boot\spring-boot-starter-tomcat-runtime\4.0.2\spring-boot-starter-tomcat-runtime-4.0.2.jar;C:\Users\escip\.m2\repository\org\springframework\boot\spring-boot-web-server\4.0.2\spring-boot-web-server-4.0.2.jar;C:\Users\escip\.m2\repository\org\apache\tomcat\embed\tomcat-embed-core\11.0.15\tomcat-embed-core-11.0.15.jar;C:\Users\escip\.m2\repository\org\apache\tomcat\embed\tomcat-embed-el\11.0.15\tomcat-embed-el-11.0.15.jar;C:\Users\escip\.m2\repository\org\apache\tomcat\embed\tomcat-embed-websocket\11.0.15\tomcat-embed-websocket-11.0.15.jar;C:\Users\escip\.m2\repository\org\springframework\boot\spring-boot-tomcat\4.0.2\spring-boot-tomcat-4.0.2.jar;C:\Users\escip\.m2\repository\org\springframework\boot\spring-boot-http-converter\4.0.2\spring-boot-http-converter-4.0.2.jar;C:\Users\escip\.m2\repository\org\springframework\boot\spring-boot-webmvc\4.0.2\spring-boot-webmvc-4.0.2.jar;C:\Users\escip\.m2\repository\org\springframework\boot\spring-boot-servlet\4.0.2\spring-boot-servlet-4.0.2.jar;C:\Users\escip\.m2\repository\org\springframework\spring-webmvc\7.0.3\spring-webmvc-7.0.3.jar;C:\Users\escip\.m2\repository\org\springframework\spring-expression\7.0.3\spring-expression-7.0.3.jar;C:\Users\escip\.m2\repository\org\springframework\cloud\spring-cloud-starter\5.0.0\spring-cloud-starter-5.0.0.jar;C:\Users\escip\.m2\repository\org\springframework\cloud\spring-cloud-context\5.0.0\spring-cloud-context-5.0.0.jar;C:\Users\escip\.m2\repository\org\springframework\security\spring-security-crypto\7.0.2\spring-security-crypto-7.0.2.jar;C:\Users\escip\.m2\repository\org\springframework\cloud\spring-cloud-commons\5.0.0\spring-cloud-commons-5.0.0.jar;C:\Users\escip\.m2\repository\org\bouncycastle\bcprov-jdk18on\1.81\bcprov-jdk18on-1.81.jar;C:\Users\escip\.m2\repository\org\springframework\boot\spring-boot-devtools\4.0.2\spring-boot-devtools-4.0.2.jar;C:\Users\escip\.m2\repository\org\springframework\boot\spring-boot\4.0.2\spring-boot-4.0.2.jar;C:\Users\escip\.m2\repository\org\springframework\spring-context\7.0.3\spring-context-7.0.3.jar;C:\Users\escip\.m2\repository\org\springframework\boot\spring-boot-autoconfigure\4.0.2\spring-boot-autoconfigure-4.0.2.jar;C:\Users\escip\.m2\repository\org\springframework\boot\spring-boot-starter-data-jpa\4.0.2\spring-boot-starter-data-jpa-4.0.2.jar;C:\Users\escip\.m2\repository\org\springframework\boot\spring-boot-starter-jdbc\4.0.2\spring-boot-starter-jdbc-4.0.2.jar;C:\Users\escip\.m2\repository\com\zaxxer\HikariCP\7.0.2\HikariCP-7.0.2.jar;C:\Users\escip\.m2\repository\org\springframework\boot\spring-boot-data-jpa\4.0.2\spring-boot-data-jpa-4.0.2.jar;C:\Users\escip\.m2\repository\org\springframework\boot\spring-boot-data-commons\4.0.2\spring-boot-data-commons-4.0.2.jar;C:\Users\escip\.m2\repository\org\springframework\boot\spring-boot-persistence\4.0.2\spring-boot-persistence-4.0.2.jar;C:\Users\escip\.m2\repository\org\springframework\data\spring-data-commons\4.0.2\spring-data-commons-4.0.2.jar;C:\Users\escip\.m2\repository\org\springframework\boot\spring-boot-hibernate\4.0.2\spring-boot-hibernate-4.0.2.jar;C:\Users\escip\.m2\repository\org\springframework\boot\spring-boot-jpa\4.0.2\spring-boot-jpa-4.0.2.jar;C:\Users\escip\.m2\repository\jakarta\persistence\jakarta.persistence-api\3.2.0\jakarta.persistence-api-3.2.0.jar;C:\Users\escip\.m2\repository\org\hibernate\orm\hibernate-core\7.2.1.Final\hibernate-core-7.2.1.Final.jar;C:\Users\escip\.m2\repository\jakarta\transaction\jakarta.transaction-api\2.0.1\jakarta.transaction-api-2.0.1.jar;C:\Users\escip\.m2\repository\org\jboss\logging\jboss-logging\3.6.1.Final\jboss-logging-3.6.1.Final.jar;C:\Users\escip\.m2\repository\org\hibernate\models\hibernate-models\1.0.1\hibernate-models-1.0.1.jar;C:\Users\escip\.m2\repository\com\fasterxml\classmate\1.7.3\classmate-1.7.3.jar;C:\Users\escip\.m2\repository\org\glassfish\jaxb\jaxb-runtime\4.0.6\jaxb-runtime-4.0.6.jar;C:\Users\escip\.m2\repository\org\glassfish\jaxb\jaxb-core\4.0.6\jaxb-core-4.0.6.jar;C:\Users\escip\.m2\repository\org\eclipse\angus\angus-activation\2.0.3\angus-activation-2.0.3.jar;C:\Users\escip\.m2\repository\org\glassfish\jaxb\txw2\4.0.6\txw2-4.0.6.jar;C:\Users\escip\.m2\repository\com\sun\istack\istack-commons-runtime\4.1.2\istack-commons-runtime-4.1.2.jar;C:\Users\escip\.m2\repository\jakarta\inject\jakarta.inject-api\2.0.1\jakarta.inject-api-2.0.1.jar;C:\Users\escip\.m2\repository\org\springframework\spring-orm\7.0.3\spring-orm-7.0.3.jar;C:\Users\escip\.m2\repository\org\springframework\data\spring-data-jpa\4.0.2\spring-data-jpa-4.0.2.jar;C:\Users\escip\.m2\repository\org\springframework\spring-tx\7.0.3\spring-tx-7.0.3.jar;C:\Users\escip\.m2\repository\org\antlr\antlr4-runtime\4.13.2\antlr4-runtime-4.13.2.jar;C:\Users\escip\.m2\repository\org\springframework\spring-aspects\7.0.3\spring-aspects-7.0.3.jar;C:\Users\escip\.m2\repository\org\aspectj\aspectjweaver\1.9.25.1\aspectjweaver-1.9.25.1.jar;C:\Users\escip\.m2\repository\org\springframework\boot\spring-boot-jdbc\4.0.2\spring-boot-jdbc-4.0.2.jar;C:\Users\escip\.m2\repository\org\springframework\boot\spring-boot-sql\4.0.2\spring-boot-sql-4.0.2.jar;C:\Users\escip\.m2\repository\org\springframework\boot\spring-boot-transaction\4.0.2\spring-boot-transaction-4.0.2.jar;C:\Users\escip\.m2\repository\org\springframework\spring-jdbc\7.0.3\spring-jdbc-7.0.3.jar;C:\Users\escip\.m2\repository\org\projectlombok\lombok\1.18.42\lombok-1.18.42.jar;C:\Users\escip\.m2\repository\org\slf4j\slf4j-api\2.0.17\slf4j-api-2.0.17.jar;C:\Users\escip\.m2\repository\jakarta\xml\bind\jakarta.xml.bind-api\4.0.4\jakarta.xml.bind-api-4.0.4.jar;C:\Users\escip\.m2\repository\jakarta\activation\jakarta.activation-api\2.1.4\jakarta.activation-api-2.1.4.jar;C:\Users\escip\.m2\repository\net\bytebuddy\byte-buddy\1.17.8\byte-buddy-1.17.8.jar;C:\Users\escip\.m2\repository\org\springframework\spring-core\7.0.3\spring-core-7.0.3.jar;C:\Users\escip\.m2\repository\commons-logging\commons-logging\1.3.5\commons-logging-1.3.5.jar;C:\Users\escip\.m2\repository\org\jspecify\jspecify\1.0.0\jspecify-1.0.0.jar;C:\Users\escip\.m2\repository\com\h2database\h2\2.4.240\h2-2.4.240.jar;C:\Users\escip\.m2\repository\org\modelmapper\modelmapper\3.1.0\modelmapper-3.1.0.jar;C:\Users\escip\.m2\repository\org\mapstruct\mapstruct\1.5.5.Final\mapstruct-1.5.5.Final.jar;C:\Users\escip\.m2\repository\org\springframework\boot\spring-boot-starter-security\4.0.2\spring-boot-starter-security-4.0.2.jar;C:\Users\escip\.m2\repository\org\springframework\boot\spring-boot-security\4.0.2\spring-boot-security-4.0.2.jar;C:\Users\escip\.m2\repository\org\springframework\security\spring-security-config\7.0.2\spring-security-config-7.0.2.jar;C:\Users\escip\.m2\repository\org\springframework\security\spring-security-core\7.0.2\spring-security-core-7.0.2.jar;C:\Users\escip\.m2\repository\org\springframework\security\spring-security-web\7.0.2\spring-security-web-7.0.2.jar;C:\Users\escip\.m2\repository\org\springframework\spring-aop\7.0.3\spring-aop-7.0.3.jar;C:\Users\escip\.m2\repository\org\springframework\spring-beans\7.0.3\spring-beans-7.0.3.jar
Launcher Type: SUN_STANDARD

[Global flags]
     intx CICompilerCount                          = 12                                        {product} {ergonomic}
     uint ConcGCThreads                            = 3                                         {product} {ergonomic}
     bool FlightRecorder                           = true                                      {product} {management}
     uint G1ConcRefinementThreads                  = 13                                        {product} {ergonomic}
   size_t G1HeapRegionSize                         = 4194304                                   {product} {ergonomic}
   size_t InitialHeapSize                          = 532676608                                 {product} {ergonomic}
     bool ManagementServer                         = true                                      {product} {command line}
   size_t MarkStackSize                            = 4194304                                   {product} {ergonomic}
   size_t MarkStackSizeMax                         = 536870912                                 {product} {ergonomic}
   size_t MaxHeapSize                              = 8514437120                                {product} {ergonomic}
   size_t MaxNewSize                               = 5108662272                                {product} {ergonomic}
   size_t MinHeapDeltaBytes                        = 4194304                                   {product} {ergonomic}
   size_t MinHeapSize                              = 8388608                                   {product} {ergonomic}
    uintx NonNMethodCodeHeapSize                   = 4096                                   {pd product} {ergonomic}
    uintx NonProfiledCodeHeapSize                  = 0                                      {pd product} {ergonomic}
     bool ProfileInterpreter                       = false                                  {pd product} {command line}
    uintx ProfiledCodeHeapSize                     = 0                                      {pd product} {ergonomic}
   size_t SoftMaxHeapSize                          = 8514437120                             {manageable} {ergonomic}
     intx TieredStopAtLevel                        = 1                                         {product} {command line}
     bool UseCompressedOops                        = true                           {product lp64_product} {ergonomic}
     bool UseG1GC                                  = true                                      {product} {ergonomic}
     bool UseLargePagesIndividualAllocation        = false                                  {pd product} {ergonomic}

Logging:
Log output configuration:
 #0: stdout all=warning uptime,level,tags foldmultilines=false
 #1: stderr all=off uptime,level,tags foldmultilines=false

Release file:
<release file has not been read>
Environment Variables:
PATH=C:\Python314\Scripts\;C:\Python314\;C:\Program Files\Microsoft MPI\Bin\;C:\Program Files\Common Files\Oracle\Java\javapath;C:\Program Files (x86)\Common Files\Oracle\Java\java8path;C:\Program Files (x86)\Common Files\Oracle\Java\javapath;C:\WINDOWS\system32;C:\WINDOWS;C:\WINDOWS\System32\Wbem;C:\WINDOWS\System32\WindowsPowerShell\v1.0\;C:\WINDOWS\System32\OpenSSH\;C:\Program Files (x86)\Windows Kits\10\Windows Performance Toolkit\;C:\Program Files\Git\cmd;C:\Program Files\dotnet\;C:\Program Files\Docker\Docker\resources\bin;C:\Program Files\nodejs\;C:\ProgramData\chocolatey\bin;C:\Users\escip\AppData\Local\Programs\Python\Launcher\;C:\Users\escip\AppData\Local\Microsoft\WindowsApps;C:\Users\escip\AppData\Local\JetBrains\Toolbox\scripts;C:\Users\escip\OneDrive\Escritorio\Logisim\modelsim_ae\win32aloem;C:\Users\escip\OneDrive\Escritorio\ModelSim\modelsim_ase\win32aloem;C:\Users\escip\AppData\Local\Microsoft\WindowsApps;C:\Users\escip\.lmstudio\bin;C:\Program Files\Microsoft MPI\Bin;C:\Users\escip\AppData\Local\Programs\Antigravity\bin;C:\Users\escip\AppData\Roaming\npm;C:\Herramientas\apache-maven-3.9.12\bin;
USERNAME=escip
OS=Windows_NT
PROCESSOR_IDENTIFIER=Intel64 Family 6 Model 186 Stepping 2, GenuineIntel
TMP=C:\Users\escip\AppData\Local\Temp
TEMP=C:\Users\escip\AppData\Local\Temp




Compilation memory statistics disabled.

Periodic native trim disabled

---------------  S Y S T E M  ---------------

OS:
 Windows 11 , 64 bit Build 26100 (10.0.26100.7920)
OS uptime: 0 days 7:37 hours
Hyper-V role detected

CPU: total 16 (initial active 16) (8 cores per cpu, 2 threads per core) family 6 model 186 stepping 2 microcode 0x410e, cx8, cmov, fxsr, ht, mmx, 3dnowpref, sse, sse2, sse3, ssse3, sse4.1, sse4.2, popcnt, lzcnt, tsc, tscinvbit, avx, avx2, aes, erms, clmul, bmi1, bmi2, adx, sha, fma, vzeroupper, clflush, clflushopt, clwb, hv, serialize, rdtscp, rdpid, fsrm, gfni, f16c, cet_ibt, cet_ss
Processor Information for processor 0
  Max Mhz: 2200, Current Mhz: 2200, Mhz Limit: 2200
Processor Information for processor 1
  Max Mhz: 2200, Current Mhz: 2200, Mhz Limit: 2200
Processor Information for processor 2
  Max Mhz: 2200, Current Mhz: 2200, Mhz Limit: 2200
Processor Information for processor 3
  Max Mhz: 2200, Current Mhz: 2200, Mhz Limit: 2200
Processor Information for processor 4
  Max Mhz: 2200, Current Mhz: 2200, Mhz Limit: 2200
Processor Information for processor 5
  Max Mhz: 2200, Current Mhz: 2200, Mhz Limit: 2200
Processor Information for processor 6
  Max Mhz: 2200, Current Mhz: 2200, Mhz Limit: 2200
Processor Information for processor 7
  Max Mhz: 2200, Current Mhz: 2200, Mhz Limit: 2200
Processor Information for processor 8
  Max Mhz: 2200, Current Mhz: 1512, Mhz Limit: 2200
Processor Information for processor 9
  Max Mhz: 2200, Current Mhz: 1512, Mhz Limit: 2200
Processor Information for processor 10
  Max Mhz: 2200, Current Mhz: 1512, Mhz Limit: 2200
Processor Information for processor 11
  Max Mhz: 2200, Current Mhz: 1512, Mhz Limit: 2200
Processor Information for processor 12
  Max Mhz: 2200, Current Mhz: 2200, Mhz Limit: 2200
Processor Information for processor 13
  Max Mhz: 2200, Current Mhz: 1512, Mhz Limit: 2200
Processor Information for processor 14
  Max Mhz: 2200, Current Mhz: 2200, Mhz Limit: 2200
Processor Information for processor 15
  Max Mhz: 2200, Current Mhz: 1512, Mhz Limit: 2200

Memory: 4k page, system-wide physical 32466M (17167M free)
TotalPageFile size 34514M (AvailPageFile size 15023M)
current process WorkingSet (physical memory assigned to process): 79M, peak: 79M
current process commit charge ("private bytes"): 177M, peak: 631M

vm_info: Java HotSpot(TM) 64-Bit Server VM (25+37-LTS-3491) for windows-amd64 JRE (25+37-LTS-3491), built on 2025-08-14T21:13:00Z with unknown MS VC++:1943

END.
